DEPRECATION WARNING: instantiate this class with a list of migrations. (called from require at bin/rails:4)
  [1m[36m (11.5ms)[0m  [1mCREATE TABLE "schema_migrations" ("version" varchar(255) NOT NULL) [0m
  [1m[35m (6.7ms)[0m  CREATE UNIQUE INDEX "unique_schema_migrations" ON "schema_migrations" ("version")
  [1m[36mActiveRecord::SchemaMigration Load (0.1ms)[0m  [1mSELECT "schema_migrations".* FROM "schema_migrations"[0m
  [1m[36mActiveRecord::SchemaMigration Load (0.1ms)[0m  [1mSELECT "schema_migrations".* FROM "schema_migrations"[0m
Migrating to InitialMigration (20150718183647)
  [1m[35m (0.1ms)[0m  begin transaction
  [1m[36m (0.7ms)[0m  [1mCREATE TABLE "users" ("id" INTEGER PRIMARY KEY AUTOINCREMENT NOT NULL, "crypted_password" varchar(40), "salt" varchar(40), "remember_token" varchar(255), "remember_token_expires_at" datetime, "name" varchar(255), "email_address" varchar(255), "administrator" boolean DEFAULT 'f', "created_at" datetime, "updated_at" datetime, "state" varchar(255) DEFAULT 'active', "key_timestamp" datetime) [0m
  [1m[35m (0.2ms)[0m  CREATE INDEX "index_users_on_state" ON "users" ("state")
  [1m[36mSQL (0.3ms)[0m  [1mINSERT INTO "schema_migrations" ("version") VALUES (?)[0m  [["version", "20150718183647"]]
  [1m[35m (54.8ms)[0m  commit transaction
  [1m[36mActiveRecord::SchemaMigration Load (0.2ms)[0m  [1mSELECT "schema_migrations".* FROM "schema_migrations"[0m


Started GET "/" for 127.0.0.1 at 2015-07-18 14:37:50 -0400
  [1m[36mActiveRecord::SchemaMigration Load (0.3ms)[0m  [1mSELECT "schema_migrations".* FROM "schema_migrations"[0m
Processing by FrontController#index as HTML
  DRYML: Compiled /home/akshay/.rvm/gems/ruby-2.2.0@rails413/gems/dryml-2.1.1/taglibs/core.dryml in 0.03s
  DRYML: Compiled /home/akshay/.rvm/gems/ruby-2.2.0@rails413/gems/hobo_rapid-2.1.1/taglibs/buttons/remote_method_button.dryml in 0.00s
  DRYML: Compiled /home/akshay/.rvm/gems/ruby-2.2.0@rails413/gems/hobo_rapid-2.1.1/taglibs/buttons/delete-button.dryml in 0.00s
  DRYML: Compiled /home/akshay/.rvm/gems/ruby-2.2.0@rails413/gems/hobo_rapid-2.1.1/taglibs/buttons/transition_link.dryml in 0.00s
  DRYML: Compiled /home/akshay/.rvm/gems/ruby-2.2.0@rails413/gems/hobo_rapid-2.1.1/taglibs/buttons/create_button.dryml in 0.00s
  DRYML: Compiled /home/akshay/.rvm/gems/ruby-2.2.0@rails413/gems/hobo_rapid-2.1.1/taglibs/buttons/buttons.dryml in 0.00s
  DRYML: Compiled /home/akshay/.rvm/gems/ruby-2.2.0@rails413/gems/hobo_rapid-2.1.1/taglibs/buttons/transition_button.dryml in 0.01s
  DRYML: Compiled /home/akshay/.rvm/gems/ruby-2.2.0@rails413/gems/hobo_rapid-2.1.1/taglibs/buttons/update_button.dryml in 0.00s
  DRYML: Compiled /home/akshay/.rvm/gems/ruby-2.2.0@rails413/gems/hobo_rapid-2.1.1/taglibs/cache/swept_cache.dryml in 0.00s
  DRYML: Compiled /home/akshay/.rvm/gems/ruby-2.2.0@rails413/gems/hobo_rapid-2.1.1/taglibs/cache/nested_cache.dryml in 0.00s
  DRYML: Compiled /home/akshay/.rvm/gems/ruby-2.2.0@rails413/gems/hobo_rapid-2.1.1/taglibs/cache/cache.dryml in 0.00s
  DRYML: Compiled /home/akshay/.rvm/gems/ruby-2.2.0@rails413/gems/hobo_rapid-2.1.1/taglibs/cards/cards.dryml in 0.00s
  DRYML: Compiled /home/akshay/.rvm/gems/ruby-2.2.0@rails413/gems/hobo_rapid-2.1.1/taglibs/cards/card.dryml in 0.00s
  DRYML: Compiled /home/akshay/.rvm/gems/ruby-2.2.0@rails413/gems/hobo_rapid-2.1.1/taglibs/cards/search_card.dryml in 0.00s
  DRYML: Compiled /home/akshay/.rvm/gems/ruby-2.2.0@rails413/gems/hobo_rapid-2.1.1/taglibs/editors/click_editor.dryml in 0.01s
  DRYML: Compiled /home/akshay/.rvm/gems/ruby-2.2.0@rails413/gems/hobo_rapid-2.1.1/taglibs/editors/editors.dryml in 0.01s
  DRYML: Compiled /home/akshay/.rvm/gems/ruby-2.2.0@rails413/gems/hobo_rapid-2.1.1/taglibs/editors/live_editor.dryml in 0.01s
  DRYML: Compiled /home/akshay/.rvm/gems/ruby-2.2.0@rails413/gems/hobo_rapid-2.1.1/taglibs/forms/submit.dryml in 0.00s
  DRYML: Compiled /home/akshay/.rvm/gems/ruby-2.2.0@rails413/gems/hobo_rapid-2.1.1/taglibs/forms/formlet.dryml in 0.00s
  DRYML: Compiled /home/akshay/.rvm/gems/ruby-2.2.0@rails413/gems/hobo_rapid-2.1.1/taglibs/forms/error_messages.dryml in 0.01s
  DRYML: Compiled /home/akshay/.rvm/gems/ruby-2.2.0@rails413/gems/hobo_rapid-2.1.1/taglibs/forms/forms.dryml in 0.00s
  DRYML: Compiled /home/akshay/.rvm/gems/ruby-2.2.0@rails413/gems/hobo_rapid-2.1.1/taglibs/forms/form.dryml in 0.00s
  DRYML: Compiled /home/akshay/.rvm/gems/ruby-2.2.0@rails413/gems/hobo_rapid-2.1.1/taglibs/html/footer.dryml in 0.00s
  DRYML: Compiled /home/akshay/.rvm/gems/ruby-2.2.0@rails413/gems/hobo_rapid-2.1.1/taglibs/html/stylesheet.dryml in 0.00s
  DRYML: Compiled /home/akshay/.rvm/gems/ruby-2.2.0@rails413/gems/hobo_rapid-2.1.1/taglibs/html/a.dryml in 0.00s
  DRYML: Compiled /home/akshay/.rvm/gems/ruby-2.2.0@rails413/gems/hobo_rapid-2.1.1/taglibs/html/section.dryml in 0.00s
  DRYML: Compiled /home/akshay/.rvm/gems/ruby-2.2.0@rails413/gems/hobo_rapid-2.1.1/taglibs/html/html.dryml in 0.00s
  DRYML: Compiled /home/akshay/.rvm/gems/ruby-2.2.0@rails413/gems/hobo_rapid-2.1.1/taglibs/html/doctype.dryml in 0.00s
  DRYML: Compiled /home/akshay/.rvm/gems/ruby-2.2.0@rails413/gems/hobo_rapid-2.1.1/taglibs/html/if_ie.dryml in 0.00s
  DRYML: Compiled /home/akshay/.rvm/gems/ruby-2.2.0@rails413/gems/hobo_rapid-2.1.1/taglibs/html/section_group.dryml in 0.00s
  DRYML: Compiled /home/akshay/.rvm/gems/ruby-2.2.0@rails413/gems/hobo_rapid-2.1.1/taglibs/html/aside.dryml in 0.00s
  DRYML: Compiled /home/akshay/.rvm/gems/ruby-2.2.0@rails413/gems/hobo_rapid-2.1.1/taglibs/html/image.dryml in 0.00s
  DRYML: Compiled /home/akshay/.rvm/gems/ruby-2.2.0@rails413/gems/hobo_rapid-2.1.1/taglibs/html/empty_tag.dryml in 0.01s
  DRYML: Compiled /home/akshay/.rvm/gems/ruby-2.2.0@rails413/gems/hobo_rapid-2.1.1/taglibs/html/javascript.dryml in 0.00s
  DRYML: Compiled /home/akshay/.rvm/gems/ruby-2.2.0@rails413/gems/hobo_rapid-2.1.1/taglibs/html/header.dryml in 0.00s
  DRYML: Compiled /home/akshay/.rvm/gems/ruby-2.2.0@rails413/gems/hobo_rapid-2.1.1/taglibs/html/table.dryml in 0.01s
  DRYML: Compiled /home/akshay/.rvm/gems/ruby-2.2.0@rails413/gems/hobo_rapid-2.1.1/taglibs/i18n/model_name_human.dryml in 0.00s
  DRYML: Compiled /home/akshay/.rvm/gems/ruby-2.2.0@rails413/gems/hobo_rapid-2.1.1/taglibs/i18n/t.dryml in 0.00s
  DRYML: Compiled /home/akshay/.rvm/gems/ruby-2.2.0@rails413/gems/hobo_rapid-2.1.1/taglibs/i18n/ht.dryml in 0.00s
  DRYML: Compiled /home/akshay/.rvm/gems/ruby-2.2.0@rails413/gems/hobo_rapid-2.1.1/taglibs/i18n/human_collection_name.dryml in 0.00s
  DRYML: Compiled /home/akshay/.rvm/gems/ruby-2.2.0@rails413/gems/hobo_rapid-2.1.1/taglibs/i18n/i18n.dryml in 0.00s
  DRYML: Compiled /home/akshay/.rvm/gems/ruby-2.2.0@rails413/gems/hobo_rapid-2.1.1/taglibs/inputs/input_for_enum_string.dryml in 0.00s
  DRYML: Compiled /home/akshay/.rvm/gems/ruby-2.2.0@rails413/gems/hobo_rapid-2.1.1/taglibs/inputs/hot_input.dryml in 0.00s
  DRYML: Compiled /home/akshay/.rvm/gems/ruby-2.2.0@rails413/gems/hobo_rapid-2.1.1/taglibs/inputs/select_many.dryml in 0.01s
  DRYML: Compiled /home/akshay/.rvm/gems/ruby-2.2.0@rails413/gems/hobo_rapid-2.1.1/taglibs/inputs/or_cancel.dryml in 0.01s
  DRYML: Compiled /home/akshay/.rvm/gems/ruby-2.2.0@rails413/gems/hobo_rapid-2.1.1/taglibs/inputs/inputs.dryml in 0.00s
  DRYML: Compiled /home/akshay/.rvm/gems/ruby-2.2.0@rails413/gems/hobo_rapid-2.1.1/taglibs/inputs/input_for_date.dryml in 0.01s
  DRYML: Compiled /home/akshay/.rvm/gems/ruby-2.2.0@rails413/gems/hobo_rapid-2.1.1/taglibs/inputs/select_menu.dryml in 0.01s
  DRYML: Compiled /home/akshay/.rvm/gems/ruby-2.2.0@rails413/gems/hobo_rapid-2.1.1/taglibs/inputs/select_one.dryml in 0.00s
  DRYML: Compiled /home/akshay/.rvm/gems/ruby-2.2.0@rails413/gems/hobo_rapid-2.1.1/taglibs/inputs/select_input.dryml in 0.00s
  DRYML: Compiled /home/akshay/.rvm/gems/ruby-2.2.0@rails413/gems/hobo_rapid-2.1.1/taglibs/inputs/input_for.dryml in 0.02s
  DRYML: Compiled /home/akshay/.rvm/gems/ruby-2.2.0@rails413/gems/hobo_rapid-2.1.1/taglibs/inputs/hidden_field.dryml in 0.01s
  DRYML: Compiled /home/akshay/.rvm/gems/ruby-2.2.0@rails413/gems/hobo_rapid-2.1.1/taglibs/inputs/input_many.dryml in 0.03s
  DRYML: Compiled /home/akshay/.rvm/gems/ruby-2.2.0@rails413/gems/hobo_rapid-2.1.1/taglibs/inputs/input.dryml in 0.00s
  DRYML: Compiled /home/akshay/.rvm/gems/ruby-2.2.0@rails413/gems/hobo_rapid-2.1.1/taglibs/inputs/after_submit.dryml in 0.00s
  DRYML: Compiled /home/akshay/.rvm/gems/ruby-2.2.0@rails413/gems/hobo_rapid-2.1.1/taglibs/inputs/collection_input.dryml in 0.00s
  DRYML: Compiled /home/akshay/.rvm/gems/ruby-2.2.0@rails413/gems/hobo_rapid-2.1.1/taglibs/inputs/check_many.dryml in 0.01s
  DRYML: Compiled /home/akshay/.rvm/gems/ruby-2.2.0@rails413/gems/hobo_rapid-2.1.1/taglibs/inputs/sti_type_input.dryml in 0.00s
  DRYML: Compiled /home/akshay/.rvm/gems/ruby-2.2.0@rails413/gems/hobo_rapid-2.1.1/taglibs/inputs/input_all.dryml in 0.01s
  DRYML: Compiled /home/akshay/.rvm/gems/ruby-2.2.0@rails413/gems/hobo_rapid-2.1.1/taglibs/lists/collection.dryml in 0.01s
  DRYML: Compiled /home/akshay/.rvm/gems/ruby-2.2.0@rails413/gems/hobo_rapid-2.1.1/taglibs/lists/field_list.dryml in 0.00s
  DRYML: Compiled /home/akshay/.rvm/gems/ruby-2.2.0@rails413/gems/hobo_rapid-2.1.1/taglibs/lists/lists.dryml in 0.00s
  DRYML: Compiled /home/akshay/.rvm/gems/ruby-2.2.0@rails413/gems/hobo_rapid-2.1.1/taglibs/lists/with_fields.dryml in 0.01s
  DRYML: Compiled /home/akshay/.rvm/gems/ruby-2.2.0@rails413/gems/hobo_rapid-2.1.1/taglibs/lists/field_list_v1.dryml in 0.02s
  DRYML: Compiled /home/akshay/.rvm/gems/ruby-2.2.0@rails413/gems/hobo_rapid-2.1.1/taglibs/lists/empty_collection_message.dryml in 0.01s
  DRYML: Compiled /home/akshay/.rvm/gems/ruby-2.2.0@rails413/gems/hobo_rapid-2.1.1/taglibs/lists/feckless_fieldset.dryml in 0.02s
  DRYML: Compiled /home/akshay/.rvm/gems/ruby-2.2.0@rails413/gems/hobo_rapid-2.1.1/taglibs/lists/labelled_item_list.dryml in 0.02s
  DRYML: Compiled /home/akshay/.rvm/gems/ruby-2.2.0@rails413/gems/hobo_rapid-2.1.1/taglibs/pages/permission_denied_page.dryml in 0.01s
  DRYML: Compiled /home/akshay/.rvm/gems/ruby-2.2.0@rails413/gems/hobo_rapid-2.1.1/taglibs/pages/not_found_page.dryml in 0.01s
  DRYML: Compiled /home/akshay/.rvm/gems/ruby-2.2.0@rails413/gems/hobo_rapid-2.1.1/taglibs/pages/flash_message.dryml in 0.02s
  DRYML: Compiled /home/akshay/.rvm/gems/ruby-2.2.0@rails413/gems/hobo_rapid-2.1.1/taglibs/pages/account_disabled.dryml in 0.01s
  DRYML: Compiled /home/akshay/.rvm/gems/ruby-2.2.0@rails413/gems/hobo_rapid-2.1.1/taglibs/pages/login.dryml in 0.04s
  DRYML: Compiled /home/akshay/.rvm/gems/ruby-2.2.0@rails413/gems/hobo_rapid-2.1.1/taglibs/pages/account.dryml in 0.01s
  DRYML: Compiled /home/akshay/.rvm/gems/ruby-2.2.0@rails413/gems/hobo_rapid-2.1.1/taglibs/pages/pages.dryml in 0.00s
  DRYML: Compiled /home/akshay/.rvm/gems/ruby-2.2.0@rails413/gems/hobo_rapid-2.1.1/taglibs/pages/forgot_password.dryml in 0.03s
  DRYML: Compiled /home/akshay/.rvm/gems/ruby-2.2.0@rails413/gems/hobo_rapid-2.1.1/taglibs/pages/page_nav.dryml in 0.00s
  DRYML: Compiled /home/akshay/.rvm/gems/ruby-2.2.0@rails413/gems/hobo_rapid-2.1.1/taglibs/plus/table_plus.dryml in 0.01s
  DRYML: Compiled /home/akshay/.rvm/gems/ruby-2.2.0@rails413/gems/hobo_rapid-2.1.1/taglibs/plus/plus.dryml in 0.00s
  DRYML: Compiled /home/akshay/.rvm/gems/ruby-2.2.0@rails413/gems/hobo_rapid-2.1.1/taglibs/plus/gravatar.dryml in 0.00s
  DRYML: Compiled /home/akshay/.rvm/gems/ruby-2.2.0@rails413/gems/hobo_rapid-2.1.1/taglibs/plus/collection_preview.dryml in 0.01s
  DRYML: Compiled /home/akshay/.rvm/gems/ruby-2.2.0@rails413/gems/hobo_rapid-2.1.1/taglibs/plus/search_filter.dryml in 0.01s
  DRYML: Compiled /home/akshay/.rvm/gems/ruby-2.2.0@rails413/gems/hobo_rapid-2.1.1/taglibs/plus/live_search.dryml in 0.02s
  DRYML: Compiled /home/akshay/.rvm/gems/ruby-2.2.0@rails413/gems/hobo_rapid-2.1.1/taglibs/plus/filter_menu.dryml in 0.01s
  DRYML: Compiled /home/akshay/.rvm/gems/ruby-2.2.0@rails413/gems/hobo_rapid-2.1.1/taglibs/views/collection_name.dryml in 0.00s
  DRYML: Compiled /home/akshay/.rvm/gems/ruby-2.2.0@rails413/gems/hobo_rapid-2.1.1/taglibs/views/record_flags.dryml in 0.00s
  DRYML: Compiled /home/akshay/.rvm/gems/ruby-2.2.0@rails413/gems/hobo_rapid-2.1.1/taglibs/views/a_or_an.dryml in 0.00s
  DRYML: Compiled /home/akshay/.rvm/gems/ruby-2.2.0@rails413/gems/hobo_rapid-2.1.1/taglibs/views/comma_list.dryml in 0.00s
  DRYML: Compiled /home/akshay/.rvm/gems/ruby-2.2.0@rails413/gems/hobo_rapid-2.1.1/taglibs/views/view_for.dryml in 0.01s
  DRYML: Compiled /home/akshay/.rvm/gems/ruby-2.2.0@rails413/gems/hobo_rapid-2.1.1/taglibs/views/type_name.dryml in 0.00s
  DRYML: Compiled /home/akshay/.rvm/gems/ruby-2.2.0@rails413/gems/hobo_rapid-2.1.1/taglibs/views/links_for_collection.dryml in 0.00s
  DRYML: Compiled /home/akshay/.rvm/gems/ruby-2.2.0@rails413/gems/hobo_rapid-2.1.1/taglibs/views/name.dryml in 0.00s
  DRYML: Compiled /home/akshay/.rvm/gems/ruby-2.2.0@rails413/gems/hobo_rapid-2.1.1/taglibs/views/nil_view.dryml in 0.00s
  DRYML: Compiled /home/akshay/.rvm/gems/ruby-2.2.0@rails413/gems/hobo_rapid-2.1.1/taglibs/views/view.dryml in 0.00s
  DRYML: Compiled /home/akshay/.rvm/gems/ruby-2.2.0@rails413/gems/hobo_rapid-2.1.1/taglibs/views/you.dryml in 0.01s
  DRYML: Compiled /home/akshay/.rvm/gems/ruby-2.2.0@rails413/gems/hobo_rapid-2.1.1/taglibs/views/views.dryml in 0.00s
  DRYML: Compiled /home/akshay/.rvm/gems/ruby-2.2.0@rails413/gems/hobo_rapid-2.1.1/taglibs/views/count.dryml in 0.00s
  DRYML: Compiled /home/akshay/.rvm/gems/ruby-2.2.0@rails413/gems/hobo_rapid-2.1.1/taglibs/hobo_rapid.dryml in 0.67s
  DRYML: Compiled /home/akshay/.rvm/gems/ruby-2.2.0@rails413/gems/hobo_jquery-2.1.1/taglibs/hobo_jquery.dryml in 0.00s
  DRYML: Compiled /home/akshay/.rvm/gems/ruby-2.2.0@rails413/gems/hobo_bootstrap-2.1.1/taglibs/edit_page.dryml in 0.00s
  DRYML: Compiled /home/akshay/.rvm/gems/ruby-2.2.0@rails413/gems/hobo_bootstrap-2.1.1/taglibs/select_many.dryml in 0.00s
  DRYML: Compiled /home/akshay/.rvm/gems/ruby-2.2.0@rails413/gems/hobo_bootstrap-2.1.1/taglibs/card.dryml in 0.00s
  DRYML: Compiled /home/akshay/.rvm/gems/ruby-2.2.0@rails413/gems/hobo_bootstrap-2.1.1/taglibs/error_messages.dryml in 0.01s
  DRYML: Compiled /home/akshay/.rvm/gems/ruby-2.2.0@rails413/gems/hobo_bootstrap-2.1.1/taglibs/forms.dryml in 0.04s
  DRYML: Compiled /home/akshay/.rvm/gems/ruby-2.2.0@rails413/gems/hobo_bootstrap-2.1.1/taglibs/flash_message.dryml in 0.00s
  DRYML: Compiled /home/akshay/.rvm/gems/ruby-2.2.0@rails413/gems/hobo_bootstrap-2.1.1/taglibs/show_page.dryml in 0.01s
  DRYML: Compiled /home/akshay/.rvm/gems/ruby-2.2.0@rails413/gems/hobo_bootstrap-2.1.1/taglibs/lifecycle.dryml in 0.00s
  DRYML: Compiled /home/akshay/.rvm/gems/ruby-2.2.0@rails413/gems/hobo_bootstrap-2.1.1/taglibs/page.dryml in 0.05s
  DRYML: Compiled /home/akshay/.rvm/gems/ruby-2.2.0@rails413/gems/hobo_bootstrap-2.1.1/taglibs/delete_button.dryml in 0.00s
  DRYML: Compiled /home/akshay/.rvm/gems/ruby-2.2.0@rails413/gems/hobo_bootstrap-2.1.1/taglibs/login.dryml in 0.03s
  DRYML: Compiled /home/akshay/.rvm/gems/ruby-2.2.0@rails413/gems/hobo_bootstrap-2.1.1/taglibs/input_many.dryml in 0.00s
  DRYML: Compiled /home/akshay/.rvm/gems/ruby-2.2.0@rails413/gems/hobo_bootstrap-2.1.1/taglibs/nav.dryml in 0.03s
  DRYML: Compiled /home/akshay/.rvm/gems/ruby-2.2.0@rails413/gems/hobo_bootstrap-2.1.1/taglibs/search.dryml in 0.00s
  DRYML: Compiled /home/akshay/.rvm/gems/ruby-2.2.0@rails413/gems/hobo_bootstrap-2.1.1/taglibs/index_page.dryml in 0.02s
  DRYML: Compiled /home/akshay/.rvm/gems/ruby-2.2.0@rails413/gems/hobo_bootstrap-2.1.1/taglibs/alert_box.dryml in 0.00s
  DRYML: Compiled /home/akshay/.rvm/gems/ruby-2.2.0@rails413/gems/hobo_bootstrap-2.1.1/taglibs/table-plus.dryml in 0.01s
  DRYML: Compiled /home/akshay/.rvm/gems/ruby-2.2.0@rails413/gems/hobo_bootstrap-2.1.1/taglibs/buttons.dryml in 0.00s
  DRYML: Compiled /home/akshay/.rvm/gems/ruby-2.2.0@rails413/gems/hobo_bootstrap-2.1.1/taglibs/page_nav.dryml in 0.00s
  DRYML: Compiled /home/akshay/.rvm/gems/ruby-2.2.0@rails413/gems/hobo_bootstrap-2.1.1/taglibs/tabs.dryml in 0.01s
  DRYML: Compiled /home/akshay/.rvm/gems/ruby-2.2.0@rails413/gems/hobo_bootstrap-2.1.1/taglibs/hobo_bootstrap.dryml in 0.24s
  DRYML: Compiled /home/akshay/.rvm/gems/ruby-2.2.0@rails413/gems/hobo_jquery_ui-2.1.1/taglibs/accordion_collection.dryml in 0.01s
  DRYML: Compiled /home/akshay/.rvm/gems/ruby-2.2.0@rails413/gems/hobo_jquery_ui-2.1.1/taglibs/autocomplete.dryml in 0.00s
  DRYML: Compiled /home/akshay/.rvm/gems/ruby-2.2.0@rails413/gems/hobo_jquery_ui-2.1.1/taglibs/sortable_input_many.dryml in 0.01s
  DRYML: Compiled /home/akshay/.rvm/gems/ruby-2.2.0@rails413/gems/hobo_jquery_ui-2.1.1/taglibs/combobox.dryml in 0.00s
  DRYML: Compiled /home/akshay/.rvm/gems/ruby-2.2.0@rails413/gems/hobo_jquery_ui-2.1.1/taglibs/name_one.dryml in 0.00s
  DRYML: Compiled /home/akshay/.rvm/gems/ruby-2.2.0@rails413/gems/hobo_jquery_ui-2.1.1/taglibs/toggle.dryml in 0.01s
  DRYML: Compiled /home/akshay/.rvm/gems/ruby-2.2.0@rails413/gems/hobo_jquery_ui-2.1.1/taglibs/dialog_box.dryml in 0.01s
  DRYML: Compiled /home/akshay/.rvm/gems/ruby-2.2.0@rails413/gems/hobo_jquery_ui-2.1.1/taglibs/sortable_collection.dryml in 0.01s
  DRYML: Compiled /home/akshay/.rvm/gems/ruby-2.2.0@rails413/gems/hobo_jquery_ui-2.1.1/taglibs/datepicker.dryml in 0.00s
  DRYML: Compiled /home/akshay/.rvm/gems/ruby-2.2.0@rails413/gems/hobo_jquery_ui-2.1.1/taglibs/accordion.dryml in 0.00s
  DRYML: Compiled /home/akshay/.rvm/gems/ruby-2.2.0@rails413/gems/hobo_jquery_ui-2.1.1/taglibs/accordion-list.dryml in 0.01s
  DRYML: Compiled /home/akshay/.rvm/gems/ruby-2.2.0@rails413/gems/hobo_jquery_ui-2.1.1/taglibs/overrides.dryml in 0.01s
  DRYML: Compiled /home/akshay/.rvm/gems/ruby-2.2.0@rails413/gems/hobo_jquery_ui-2.1.1/taglibs/tabs.dryml in 0.00s
  DRYML: Compiled /home/akshay/.rvm/gems/ruby-2.2.0@rails413/gems/hobo_jquery_ui-2.1.1/taglibs/hobo_jquery_ui.dryml in 0.08s
  DRYML: Compiled /home/akshay/.rvm/gems/ruby-2.2.0@rails413/gems/hobo_bootstrap_ui-2.1.1/taglibs/name_one_bootstrap.dryml in 0.00s
  DRYML: Compiled /home/akshay/.rvm/gems/ruby-2.2.0@rails413/gems/hobo_bootstrap_ui-2.1.1/taglibs/select_one_or_new.dryml in 0.01s
  DRYML: Compiled /home/akshay/.rvm/gems/ruby-2.2.0@rails413/gems/hobo_bootstrap_ui-2.1.1/taglibs/bootstrap_datepicker.dryml in 0.00s
  DRYML: Compiled /home/akshay/.rvm/gems/ruby-2.2.0@rails413/gems/hobo_bootstrap_ui-2.1.1/taglibs/modal.dryml in 0.02s
  DRYML: Compiled /home/akshay/.rvm/gems/ruby-2.2.0@rails413/gems/hobo_bootstrap_ui-2.1.1/taglibs/typeahead.dryml in 0.00s
  DRYML: Compiled /home/akshay/.rvm/gems/ruby-2.2.0@rails413/gems/hobo_bootstrap_ui-2.1.1/taglibs/overrides.dryml in 0.01s
  DRYML: Compiled /home/akshay/.rvm/gems/ruby-2.2.0@rails413/gems/hobo_bootstrap_ui-2.1.1/taglibs/hobo_bootstrap_ui.dryml in 0.04s
  DRYML: Compiled app/views/taglibs/auto/rapid/cards.dryml in 0.00s
  DRYML: Compiled app/views/taglibs/auto/rapid/pages.dryml in 0.05s
  DRYML: Compiled app/views/taglibs/auto/rapid/forms.dryml in 0.02s
  DRYML: Compiled app/views/taglibs/application.dryml in 0.00s
  DRYML: Compiled app/views/taglibs/front_site.dryml in 1.11s
  DRYML: Compiled app/views/front/index.dryml in 1.15s
  [1m[35mUser Load (0.3ms)[0m  SELECT "users".* FROM "users" LIMIT 30
  [1m[36m (0.2ms)[0m  [1mSELECT COUNT(*) FROM "users"[0m
  [1m[35mCACHE (0.0ms)[0m  SELECT COUNT(*) FROM "users"
  [1m[36mCACHE (0.0ms)[0m  [1mSELECT COUNT(*) FROM "users"[0m
  [1m[35mCACHE (0.0ms)[0m  SELECT COUNT(*) FROM "users"
  [1m[36mCACHE (0.0ms)[0m  [1mSELECT COUNT(*) FROM "users"[0m
  [1m[35mCACHE (0.0ms)[0m  SELECT COUNT(*) FROM "users"
  [1m[36mCACHE (0.0ms)[0m  [1mSELECT COUNT(*) FROM "users"[0m
  [1m[35mCACHE (0.0ms)[0m  SELECT COUNT(*) FROM "users"
  [1m[36mCACHE (0.0ms)[0m  [1mSELECT COUNT(*) FROM "users"[0m
  [1m[35mCACHE (0.0ms)[0m  SELECT COUNT(*) FROM "users"
  Rendered front/index.dryml (5361.7ms)
Completed 200 OK in 5378ms (Views: 5366.2ms | ActiveRecord: 0.7ms)


Started POST "/users" for 127.0.0.1 at 2015-07-18 14:38:26 -0400
Processing by UsersController#create as HTML
  Parameters: {"page_path"=>"/", "authenticity_token"=>"9dIASm8TkBBw8Zxjt06MzZcjb0FZFW+b8nTKVmn9QJA=", "user"=>{"name"=>"Admin", "email_address"=>"akshaym1711@gmail.com", "password"=>"[FILTERED]", "password_confirmation"=>"[FILTERED]"}}
  [1m[36m (0.1ms)[0m  [1mbegin transaction[0m
  [1m[35mUser Exists (0.1ms)[0m  SELECT 1 AS one FROM "users" WHERE "users"."name" = 'Admin' LIMIT 1
  [1m[36mUser Exists (0.1ms)[0m  [1mSELECT 1 AS one FROM "users" WHERE LOWER("users"."email_address") = LOWER('akshaym1711@gmail.com') LIMIT 1[0m
  [1m[35m (0.1ms)[0m  SELECT COUNT(*) FROM "users"
  [1m[36mCACHE (0.0ms)[0m  [1mSELECT COUNT(*) FROM "users"[0m
  [1m[35mSQL (3.7ms)[0m  INSERT INTO "users" ("administrator", "created_at", "crypted_password", "email_address", "name", "salt", "updated_at") VALUES (?, ?, ?, ?, ?, ?, ?)  [["administrator", true], ["created_at", Sat, 18 Jul 2015 18:38:26 UTC +00:00], ["crypted_password", "18848d1bcbe2916e5ea9c92dcd1adcc132c6fc55"], ["email_address", "akshaym1711@gmail.com"], ["name", "Admin"], ["salt", "47112355a6f100af67693736f4b7fc5afe1644ae"], ["updated_at", Sat, 18 Jul 2015 18:38:26 UTC +00:00]]
  [1m[36m (4.8ms)[0m  [1mcommit transaction[0m
Redirected to http://localhost:3000
Completed 302 Found in 27ms (ActiveRecord: 9.2ms)


Started GET "/" for 127.0.0.1 at 2015-07-18 14:38:26 -0400
Processing by FrontController#index as HTML
  [1m[35mUser Load (0.3ms)[0m  SELECT "users".* FROM "users" WHERE "users"."id" = ? LIMIT 1  [["id", "1"]]
  [1m[36mUser Load (0.2ms)[0m  [1mSELECT "users".* FROM "users" LIMIT 30[0m
  [1m[35m (0.2ms)[0m  SELECT COUNT(*) FROM "users"
  Rendered front/index.dryml (18.4ms)
Completed 200 OK in 21ms (Views: 19.0ms | ActiveRecord: 0.6ms)


Started GET "/" for 127.0.0.1 at 2015-07-18 14:38:32 -0400
Processing by FrontController#index as HTML
  [1m[36mUser Load (0.2ms)[0m  [1mSELECT "users".* FROM "users" WHERE "users"."id" = ? LIMIT 1[0m  [["id", "1"]]
  [1m[35mUser Load (0.3ms)[0m  SELECT "users".* FROM "users" LIMIT 30
  [1m[36m (0.2ms)[0m  [1mSELECT COUNT(*) FROM "users"[0m
  Rendered front/index.dryml (22.4ms)
Completed 200 OK in 25ms (Views: 22.9ms | ActiveRecord: 0.7ms)
